<?xml version="1.0" encoding="UTF-8"?>
<!-- Generated by org.testng.reporters.JUnitReportReporter -->
<testsuite hostname="HP-PC" failures="0" tests="1" name="com.demoblaze.TestCases.TC_UserLoginTest_001" time="4.093" errors="0" timestamp="2024-07-27T17:41:34 IST" skipped="0">
  <testcase classname="com.demoblaze.TestCases.TC_UserLoginTest_001" name="loginTest" time="4.093"/>
</testsuite> <!-- com.demoblaze.TestCases.TC_UserLoginTest_001 -->
