<?xml version="1.0" encoding="UTF-8"?>
<!-- Generated by org.testng.reporters.JUnitReportReporter -->
<testsuite hostname="HP-PC" failures="0" tests="1" name="com.demoblaze.TestCases.TC_ProductCategoriesNavigation_004" time="29.088" errors="0" timestamp="2024-07-30T19:35:50 IST" skipped="0">
  <testcase classname="com.demoblaze.TestCases.TC_ProductCategoriesNavigation_004" name="testProductCategoriesNavigation" time="29.088"/>
</testsuite> <!-- com.demoblaze.TestCases.TC_ProductCategoriesNavigation_004 -->
