<?xml version="1.0" encoding="UTF-8"?>
<!-- Generated by org.testng.reporters.JUnitReportReporter -->
<testsuite hostname="DESKTOP-IP7TE20" failures="0" tests="1" name="com.demoblaze.TestCases.TC_testLoginWithValidCredentials_001" time="19.609" errors="0" timestamp="2024-10-31T08:43:27 GMT-07:00" skipped="0">
  <testcase classname="com.demoblaze.TestCases.TC_testLoginWithValidCredentials_001" name="testLoginWithValidCredentials" time="19.609"/>
  <system-out/>
</testsuite> <!-- com.demoblaze.TestCases.TC_testLoginWithValidCredentials_001 -->
