<?xml version="1.0" encoding="UTF-8"?>
<!-- Generated by org.testng.reporters.JUnitReportReporter -->
<testsuite hostname="HP-PC" failures="0" tests="1" name="com.demoblaze.TestCases.TC_testSuccessfulLogout_008" time="22.298" errors="0" timestamp="2024-07-30T19:35:50 IST" skipped="0">
  <testcase classname="com.demoblaze.TestCases.TC_testSuccessfulLogout_008" name="testSuccessfulLogout" time="22.298"/>
</testsuite> <!-- com.demoblaze.TestCases.TC_testSuccessfulLogout_008 -->
