<?xml version="1.0" encoding="UTF-8"?>
<!-- Generated by org.testng.reporters.JUnitReportReporter -->
<testsuite hostname="HP-PC" failures="0" tests="1" name="com.demoblaze.TestCases.TC_testCheckoutWithoutAddingProducts_007" time="20.429" errors="0" timestamp="2024-07-30T19:35:50 IST" skipped="0">
  <testcase classname="com.demoblaze.TestCases.TC_testCheckoutWithoutAddingProducts_007" name="testCheckoutWithoutAddingProducts" time="20.429"/>
</testsuite> <!-- com.demoblaze.TestCases.TC_testCheckoutWithoutAddingProducts_007 -->
