<?xml version="1.0" encoding="UTF-8"?>
<!-- Generated by org.testng.reporters.JUnitReportReporter -->
<testsuite hostname="HP-PC" failures="0" tests="1" name="com.demoblaze.TestCases.TC_testSignUpWithValidDetails_001" time="20.836" errors="0" timestamp="2024-08-01T14:01:58 IST" skipped="0">
  <testcase classname="com.demoblaze.TestCases.TC_testSignUpWithValidDetails_001" name="testSignUpWithValidDetails" time="20.836"/>
</testsuite> <!-- com.demoblaze.TestCases.TC_testSignUpWithValidDetails_001 -->
