<?xml version="1.0" encoding="UTF-8"?>
<!-- Generated by org.testng.reporters.JUnitReportReporter -->
<testsuite hostname="HP-PC" failures="0" tests="1" name="com.demoblaze.TestCases.TC_UserLoginTest_002" time="24.384" errors="0" timestamp="2024-07-28T22:47:31 IST" skipped="0">
  <testcase classname="com.demoblaze.TestCases.TC_UserLoginTest_002" name="testLoginWithValidCredentials" time="24.384"/>
</testsuite> <!-- com.demoblaze.TestCases.TC_UserLoginTest_002 -->
